(0000) 3000  0011000000000000 (   7)                 .ORIG x3000
(3000) 5020  0101000000100000 (  10) START           AND   R0 R0 #0
(3001) 5220  0101001000100000 (  11)                 AND   R1 R0 #0
(3002) 5420  0101010000100000 (  12)                 AND   R2 R0 #0
(3003) 5620  0101011000100000 (  13)                 AND   R3 R0 #0
(3004) 5820  0101100000100000 (  14)                 AND   R4 R0 #0
(3005) E00B  1110000000001011 (  16)                 LEA   R0 GREETING
(3006) F022  1111000000100010 (  17)                 TRAP  x22
(3007) F020  1111000000100000 (  20)                 TRAP  x20
(3008) F021  1111000000100001 (  21)                 TRAP  x21
(3009) 3068  0011000001101000 (  23)                 ST    R0 USERINPUT
(300A) E061  1110000001100001 (  25)                 LEA   R0 NEWLINE
(300B) F022  1111000000100010 (  26)                 TRAP  x22
(300C) 2065  0010000001100101 (  28)                 LD    R0 USERINPUT
(300D) F021  1111000000100001 (  29)                 TRAP  x21
(300E) E039  1110000000111001 (  31)                 LEA   R0 USERSTRING
(300F) F022  1111000000100010 (  32)                 TRAP  x22
(3010) F025  1111000000100101 (  34)                 TRAP  x25
(3011) 0057  0000000001010111 (  37) GREETING        .FILL x0057
(3012) 0065  0000000001100101 (  37)                 .FILL x0065
(3013) 006C  0000000001101100 (  37)                 .FILL x006C
(3014) 0063  0000000001100011 (  37)                 .FILL x0063
(3015) 006F  0000000001101111 (  37)                 .FILL x006F
(3016) 006D  0000000001101101 (  37)                 .FILL x006D
(3017) 0065  0000000001100101 (  37)                 .FILL x0065
(3018) 0020  0000000000100000 (  37)                 .FILL x0020
(3019) 0074  0000000001110100 (  37)                 .FILL x0074
(301A) 006F  0000000001101111 (  37)                 .FILL x006F
(301B) 0020  0000000000100000 (  37)                 .FILL x0020
(301C) 0074  0000000001110100 (  37)                 .FILL x0074
(301D) 0068  0000000001101000 (  37)                 .FILL x0068
(301E) 0065  0000000001100101 (  37)                 .FILL x0065
(301F) 0020  0000000000100000 (  37)                 .FILL x0020
(3020) 0073  0000000001110011 (  37)                 .FILL x0073
(3021) 0061  0000000001100001 (  37)                 .FILL x0061
(3022) 006D  0000000001101101 (  37)                 .FILL x006D
(3023) 0070  0000000001110000 (  37)                 .FILL x0070
(3024) 006C  0000000001101100 (  37)                 .FILL x006C
(3025) 0065  0000000001100101 (  37)                 .FILL x0065
(3026) 0020  0000000000100000 (  37)                 .FILL x0020
(3027) 0070  0000000001110000 (  37)                 .FILL x0070
(3028) 0072  0000000001110010 (  37)                 .FILL x0072
(3029) 006F  0000000001101111 (  37)                 .FILL x006F
(302A) 0067  0000000001100111 (  37)                 .FILL x0067
(302B) 0072  0000000001110010 (  37)                 .FILL x0072
(302C) 0061  0000000001100001 (  37)                 .FILL x0061
(302D) 006D  0000000001101101 (  37)                 .FILL x006D
(302E) 002E  0000000000101110 (  37)                 .FILL x002E
(302F) 000A  0000000000001010 (  37)                 .FILL x000A
(3030) 0050  0000000001010000 (  37)                 .FILL x0050
(3031) 006C  0000000001101100 (  37)                 .FILL x006C
(3032) 0065  0000000001100101 (  37)                 .FILL x0065
(3033) 0061  0000000001100001 (  37)                 .FILL x0061
(3034) 0073  0000000001110011 (  37)                 .FILL x0073
(3035) 0065  0000000001100101 (  37)                 .FILL x0065
(3036) 0020  0000000000100000 (  37)                 .FILL x0020
(3037) 0065  0000000001100101 (  37)                 .FILL x0065
(3038) 006E  0000000001101110 (  37)                 .FILL x006E
(3039) 0074  0000000001110100 (  37)                 .FILL x0074
(303A) 0065  0000000001100101 (  37)                 .FILL x0065
(303B) 0072  0000000001110010 (  37)                 .FILL x0072
(303C) 0020  0000000000100000 (  37)                 .FILL x0020
(303D) 0061  0000000001100001 (  37)                 .FILL x0061
(303E) 0020  0000000000100000 (  37)                 .FILL x0020
(303F) 006C  0000000001101100 (  37)                 .FILL x006C
(3040) 0065  0000000001100101 (  37)                 .FILL x0065
(3041) 0074  0000000001110100 (  37)                 .FILL x0074
(3042) 0074  0000000001110100 (  37)                 .FILL x0074
(3043) 0065  0000000001100101 (  37)                 .FILL x0065
(3044) 0072  0000000001110010 (  37)                 .FILL x0072
(3045) 003A  0000000000111010 (  37)                 .FILL x003A
(3046) 0020  0000000000100000 (  37)                 .FILL x0020
(3047) 0000  0000000000000000 (  37)                 .FILL x0000
(3048) 0020  0000000000100000 (  38) USERSTRING      .FILL x0020
(3049) 003C  0000000000111100 (  38)                 .FILL x003C
(304A) 002D  0000000000101101 (  38)                 .FILL x002D
(304B) 002D  0000000000101101 (  38)                 .FILL x002D
(304C) 0020  0000000000100000 (  38)                 .FILL x0020
(304D) 0069  0000000001101001 (  38)                 .FILL x0069
(304E) 0073  0000000001110011 (  38)                 .FILL x0073
(304F) 0020  0000000000100000 (  38)                 .FILL x0020
(3050) 0074  0000000001110100 (  38)                 .FILL x0074
(3051) 0068  0000000001101000 (  38)                 .FILL x0068
(3052) 0065  0000000001100101 (  38)                 .FILL x0065
(3053) 0020  0000000000100000 (  38)                 .FILL x0020
(3054) 0063  0000000001100011 (  38)                 .FILL x0063
(3055) 0068  0000000001101000 (  38)                 .FILL x0068
(3056) 0061  0000000001100001 (  38)                 .FILL x0061
(3057) 0072  0000000001110010 (  38)                 .FILL x0072
(3058) 0061  0000000001100001 (  38)                 .FILL x0061
(3059) 0063  0000000001100011 (  38)                 .FILL x0063
(305A) 0074  0000000001110100 (  38)                 .FILL x0074
(305B) 0065  0000000001100101 (  38)                 .FILL x0065
(305C) 0072  0000000001110010 (  38)                 .FILL x0072
(305D) 0020  0000000000100000 (  38)                 .FILL x0020
(305E) 0079  0000000001111001 (  38)                 .FILL x0079
(305F) 006F  0000000001101111 (  38)                 .FILL x006F
(3060) 0075  0000000001110101 (  38)                 .FILL x0075
(3061) 0020  0000000000100000 (  38)                 .FILL x0020
(3062) 0065  0000000001100101 (  38)                 .FILL x0065
(3063) 006E  0000000001101110 (  38)                 .FILL x006E
(3064) 0074  0000000001110100 (  38)                 .FILL x0074
(3065) 0065  0000000001100101 (  38)                 .FILL x0065
(3066) 0072  0000000001110010 (  38)                 .FILL x0072
(3067) 0065  0000000001100101 (  38)                 .FILL x0065
(3068) 0064  0000000001100100 (  38)                 .FILL x0064
(3069) 002E  0000000000101110 (  38)                 .FILL x002E
(306A) 000A  0000000000001010 (  38)                 .FILL x000A
(306B) 0000  0000000000000000 (  38)                 .FILL x0000
(306C) 000A  0000000000001010 (  39) NEWLINE         .FILL x000A
(306D) 002D  0000000000101101 (  39)                 .FILL x002D
(306E) 002D  0000000000101101 (  39)                 .FILL x002D
(306F) 003E  0000000000111110 (  39)                 .FILL x003E
(3070) 0020  0000000000100000 (  39)                 .FILL x0020
(3071) 0000  0000000000000000 (  39)                 .FILL x0000
(3072) 0000  0000000000000000 (  41) USERINPUT       .FILL x0000
