(0000) 3000  0011000000000000 (   2)                 .ORIG x3000
(3000) 4814  0100100000010100 (   8) START           JSR   CLEAR
(3001) 5FC0  0101111111000000 (   9)                 AND   R7 R7 R0
(3002) 486C  0100100001101100 (  10)                 JSR   LOOP
(3003) 3400  0011010000000000 (  13) PSTART          .FILL x3400
(3004) 3405  0011010000000101 (  14) PEND            .FILL x3405
(3005) 2DFD  0010110111111101 (  17) PUSH            LD    R6 PSTART
(3006) 7180  0111000110000000 (  18)                 STR   R0 R6 #0
(3007) 7381  0111001110000001 (  19)                 STR   R1 R6 #1
(3008) 7582  0111010110000010 (  20)                 STR   R2 R6 #2
(3009) 7783  0111011110000011 (  21)                 STR   R3 R6 #3
(300A) 7984  0111100110000100 (  22)                 STR   R4 R6 #4
(300B) 7B85  0111101110000101 (  23)                 STR   R5 R6 #5
(300C) C1C0  1100000111000000 (  24)                 RET   
(300D) 2DF6  0010110111110110 (  27) POP             LD    R6 PEND
(300E) 6B80  0110101110000000 (  28)                 LDR   R5 R6 #0
(300F) 69BF  0110100110111111 (  29)                 LDR   R4 R6 #-1
(3010) 67BE  0110011110111110 (  30)                 LDR   R3 R6 #-2
(3011) 65BD  0110010110111101 (  31)                 LDR   R2 R6 #-3
(3012) 63BC  0110001110111100 (  32)                 LDR   R1 R6 #-4
(3013) 61BB  0110000110111011 (  33)                 LDR   R0 R6 #-5
(3014) C1C0  1100000111000000 (  34)                 RET   
(3015) 5020  0101000000100000 (  37) CLEAR           AND   R0 R0 #0
(3016) 5260  0101001001100000 (  38)                 AND   R1 R1 #0
(3017) 54A0  0101010010100000 (  39)                 AND   R2 R2 #0
(3018) 5620  0101011000100000 (  40)                 AND   R3 R0 #0
(3019) 5860  0101100001100000 (  41)                 AND   R4 R1 #0
(301A) 5AA0  0101101010100000 (  42)                 AND   R5 R2 #0
(301B) 5C20  0101110000100000 (  43)                 AND   R6 R0 #0
(301C) C1C0  1100000111000000 (  44)                 RET   
(301D) 000A  0000000000001010 (  50) DORE            .FILL x000A
(301E) 0044  0000000001000100 (  50)                 .FILL x0044
(301F) 0065  0000000001100101 (  50)                 .FILL x0065
(3020) 0063  0000000001100011 (  50)                 .FILL x0063
(3021) 006F  0000000001101111 (  50)                 .FILL x006F
(3022) 0064  0000000001100100 (  50)                 .FILL x0064
(3023) 0065  0000000001100101 (  50)                 .FILL x0065
(3024) 0020  0000000000100000 (  50)                 .FILL x0020
(3025) 006F  0000000001101111 (  50)                 .FILL x006F
(3026) 0072  0000000001110010 (  50)                 .FILL x0072
(3027) 0020  0000000000100000 (  50)                 .FILL x0020
(3028) 0045  0000000001000101 (  50)                 .FILL x0045
(3029) 006E  0000000001101110 (  50)                 .FILL x006E
(302A) 0063  0000000001100011 (  50)                 .FILL x0063
(302B) 006F  0000000001101111 (  50)                 .FILL x006F
(302C) 0064  0000000001100100 (  50)                 .FILL x0064
(302D) 0065  0000000001100101 (  50)                 .FILL x0065
(302E) 0020  0000000000100000 (  50)                 .FILL x0020
(302F) 0028  0000000000101000 (  50)                 .FILL x0028
(3030) 0044  0000000001000100 (  50)                 .FILL x0044
(3031) 0020  0000000000100000 (  50)                 .FILL x0020
(3032) 006F  0000000001101111 (  50)                 .FILL x006F
(3033) 0072  0000000001110010 (  50)                 .FILL x0072
(3034) 0020  0000000000100000 (  50)                 .FILL x0020
(3035) 0045  0000000001000101 (  50)                 .FILL x0045
(3036) 0029  0000000000101001 (  50)                 .FILL x0029
(3037) 003A  0000000000111010 (  50)                 .FILL x003A
(3038) 0020  0000000000100000 (  50)                 .FILL x0020
(3039) 0000  0000000000000000 (  50)                 .FILL x0000
(303A) 000A  0000000000001010 (  51) INVALIDCHARACTERA .FILL x000A
(303B) 0054  0000000001010100 (  51)                 .FILL x0054
(303C) 0048  0000000001001000 (  51)                 .FILL x0048
(303D) 0041  0000000001000001 (  51)                 .FILL x0041
(303E) 0054  0000000001010100 (  51)                 .FILL x0054
(303F) 0020  0000000000100000 (  51)                 .FILL x0020
(3040) 0049  0000000001001001 (  51)                 .FILL x0049
(3041) 0053  0000000001010011 (  51)                 .FILL x0053
(3042) 0020  0000000000100000 (  51)                 .FILL x0020
(3043) 0041  0000000001000001 (  51)                 .FILL x0041
(3044) 004E  0000000001001110 (  51)                 .FILL x004E
(3045) 0020  0000000000100000 (  51)                 .FILL x0020
(3046) 0049  0000000001001001 (  51)                 .FILL x0049
(3047) 004C  0000000001001100 (  51)                 .FILL x004C
(3048) 004C  0000000001001100 (  51)                 .FILL x004C
(3049) 0045  0000000001000101 (  51)                 .FILL x0045
(304A) 0047  0000000001000111 (  51)                 .FILL x0047
(304B) 0041  0000000001000001 (  51)                 .FILL x0041
(304C) 004C  0000000001001100 (  51)                 .FILL x004C
(304D) 0020  0000000000100000 (  51)                 .FILL x0020
(304E) 0043  0000000001000011 (  51)                 .FILL x0043
(304F) 0048  0000000001001000 (  51)                 .FILL x0048
(3050) 0041  0000000001000001 (  51)                 .FILL x0041
(3051) 0052  0000000001010010 (  51)                 .FILL x0052
(3052) 0041  0000000001000001 (  51)                 .FILL x0041
(3053) 0043  0000000001000011 (  51)                 .FILL x0043
(3054) 0054  0000000001010100 (  51)                 .FILL x0054
(3055) 0045  0000000001000101 (  51)                 .FILL x0045
(3056) 0052  0000000001010010 (  51)                 .FILL x0052
(3057) 002E  0000000000101110 (  51)                 .FILL x002E
(3058) 0020  0000000000100000 (  51)                 .FILL x0020
(3059) 0050  0000000001010000 (  51)                 .FILL x0050
(305A) 004C  0000000001001100 (  51)                 .FILL x004C
(305B) 0045  0000000001000101 (  51)                 .FILL x0045
(305C) 0041  0000000001000001 (  51)                 .FILL x0041
(305D) 0053  0000000001010011 (  51)                 .FILL x0053
(305E) 0045  0000000001000101 (  51)                 .FILL x0045
(305F) 0020  0000000000100000 (  51)                 .FILL x0020
(3060) 0054  0000000001010100 (  51)                 .FILL x0054
(3061) 0052  0000000001010010 (  51)                 .FILL x0052
(3062) 0059  0000000001011001 (  51)                 .FILL x0059
(3063) 0020  0000000000100000 (  51)                 .FILL x0020
(3064) 0041  0000000001000001 (  51)                 .FILL x0041
(3065) 0047  0000000001000111 (  51)                 .FILL x0047
(3066) 0041  0000000001000001 (  51)                 .FILL x0041
(3067) 0049  0000000001001001 (  51)                 .FILL x0049
(3068) 004E  0000000001001110 (  51)                 .FILL x004E
(3069) 002E  0000000000101110 (  51)                 .FILL x002E
(306A) 000A  0000000000001010 (  51)                 .FILL x000A
(306B) 0000  0000000000000000 (  51)                 .FILL x0000
(306C) FFBC  1111111110111100 (  52) D               .FILL xFFBC
(306D) FFBB  1111111110111011 (  53) E               .FILL xFFBB
(306E) 3300  0011001100000000 (  54) CHOICESTOREA    .FILL x3300
(306F) E1AD  1110000110101101 (  57) LOOP            LEA   R0 DORE
(3070) F022  1111000000100010 (  58)                 TRAP  x22
(3071) F020  1111000000100000 (  61)                 TRAP  x20
(3072) F021  1111000000100001 (  62)                 TRAP  x21
(3073) 27FA  0010011111111010 (  65)                 LD    R3 CHOICESTOREA
(3074) 70C0  0111000011000000 (  66)                 STR   R0 R3 #0
(3075) 23F6  0010001111110110 (  69)                 LD    R1 D
(3076) 1640  0001011001000000 (  70)                 ADD   R3 R1 R0
(3077) 0460  0000010001100000 (  71)                 BRZ   ENTEREDD
(3078) 25F4  0010010111110100 (  74)                 LD    R2 E
(3079) 1680  0001011010000000 (  75)                 ADD   R3 R2 R0
(307A) 0465  0000010001100101 (  76)                 BRZ   ENTEREDE
(307B) E1BE  1110000110111110 (  79)                 LEA   R0 INVALIDCHARACTERA
(307C) F022  1111000000100010 (  80)                 TRAP  x22
(307D) 0FF1  0000111111110001 (  81)                 BRNZP LOOP
(307E) 000A  0000000000001010 (  87) MESSAGED        .FILL x000A
(307F) 0045  0000000001000101 (  87)                 .FILL x0045
(3080) 004E  0000000001001110 (  87)                 .FILL x004E
(3081) 0054  0000000001010100 (  87)                 .FILL x0054
(3082) 0045  0000000001000101 (  87)                 .FILL x0045
(3083) 0052  0000000001010010 (  87)                 .FILL x0052
(3084) 0020  0000000000100000 (  87)                 .FILL x0020
(3085) 0059  0000000001011001 (  87)                 .FILL x0059
(3086) 004F  0000000001001111 (  87)                 .FILL x004F
(3087) 0055  0000000001010101 (  87)                 .FILL x0055
(3088) 0052  0000000001010010 (  87)                 .FILL x0052
(3089) 0020  0000000000100000 (  87)                 .FILL x0020
(308A) 0053  0000000001010011 (  87)                 .FILL x0053
(308B) 0054  0000000001010100 (  87)                 .FILL x0054
(308C) 0052  0000000001010010 (  87)                 .FILL x0052
(308D) 0049  0000000001001001 (  87)                 .FILL x0049
(308E) 004E  0000000001001110 (  87)                 .FILL x004E
(308F) 0047  0000000001000111 (  87)                 .FILL x0047
(3090) 0020  0000000000100000 (  87)                 .FILL x0020
(3091) 0054  0000000001010100 (  87)                 .FILL x0054
(3092) 0048  0000000001001000 (  87)                 .FILL x0048
(3093) 0041  0000000001000001 (  87)                 .FILL x0041
(3094) 0054  0000000001010100 (  87)                 .FILL x0054
(3095) 0020  0000000000100000 (  87)                 .FILL x0020
(3096) 0059  0000000001011001 (  87)                 .FILL x0059
(3097) 004F  0000000001001111 (  87)                 .FILL x004F
(3098) 0055  0000000001010101 (  87)                 .FILL x0055
(3099) 0020  0000000000100000 (  87)                 .FILL x0020
(309A) 0057  0000000001010111 (  87)                 .FILL x0057
(309B) 0041  0000000001000001 (  87)                 .FILL x0041
(309C) 004E  0000000001001110 (  87)                 .FILL x004E
(309D) 0054  0000000001010100 (  87)                 .FILL x0054
(309E) 0020  0000000000100000 (  87)                 .FILL x0020
(309F) 0054  0000000001010100 (  87)                 .FILL x0054
(30A0) 004F  0000000001001111 (  87)                 .FILL x004F
(30A1) 0020  0000000000100000 (  87)                 .FILL x0020
(30A2) 0044  0000000001000100 (  87)                 .FILL x0044
(30A3) 0045  0000000001000101 (  87)                 .FILL x0045
(30A4) 0043  0000000001000011 (  87)                 .FILL x0043
(30A5) 004F  0000000001001111 (  87)                 .FILL x004F
(30A6) 0044  0000000001000100 (  87)                 .FILL x0044
(30A7) 0045  0000000001000101 (  87)                 .FILL x0045
(30A8) 003A  0000000000111010 (  87)                 .FILL x003A
(30A9) 0020  0000000000100000 (  87)                 .FILL x0020
(30AA) 0000  0000000000000000 (  87)                 .FILL x0000
(30AB) 000A  0000000000001010 (  88) MESSAGEE        .FILL x000A
(30AC) 0045  0000000001000101 (  88)                 .FILL x0045
(30AD) 004E  0000000001001110 (  88)                 .FILL x004E
(30AE) 0054  0000000001010100 (  88)                 .FILL x0054
(30AF) 0045  0000000001000101 (  88)                 .FILL x0045
(30B0) 0052  0000000001010010 (  88)                 .FILL x0052
(30B1) 0020  0000000000100000 (  88)                 .FILL x0020
(30B2) 0059  0000000001011001 (  88)                 .FILL x0059
(30B3) 004F  0000000001001111 (  88)                 .FILL x004F
(30B4) 0055  0000000001010101 (  88)                 .FILL x0055
(30B5) 0052  0000000001010010 (  88)                 .FILL x0052
(30B6) 0020  0000000000100000 (  88)                 .FILL x0020
(30B7) 0053  0000000001010011 (  88)                 .FILL x0053
(30B8) 0054  0000000001010100 (  88)                 .FILL x0054
(30B9) 0052  0000000001010010 (  88)                 .FILL x0052
(30BA) 0049  0000000001001001 (  88)                 .FILL x0049
(30BB) 004E  0000000001001110 (  88)                 .FILL x004E
(30BC) 0047  0000000001000111 (  88)                 .FILL x0047
(30BD) 0020  0000000000100000 (  88)                 .FILL x0020
(30BE) 0054  0000000001010100 (  88)                 .FILL x0054
(30BF) 0048  0000000001001000 (  88)                 .FILL x0048
(30C0) 0041  0000000001000001 (  88)                 .FILL x0041
(30C1) 0054  0000000001010100 (  88)                 .FILL x0054
(30C2) 0020  0000000000100000 (  88)                 .FILL x0020
(30C3) 0059  0000000001011001 (  88)                 .FILL x0059
(30C4) 004F  0000000001001111 (  88)                 .FILL x004F
(30C5) 0055  0000000001010101 (  88)                 .FILL x0055
(30C6) 0020  0000000000100000 (  88)                 .FILL x0020
(30C7) 0057  0000000001010111 (  88)                 .FILL x0057
(30C8) 0041  0000000001000001 (  88)                 .FILL x0041
(30C9) 004E  0000000001001110 (  88)                 .FILL x004E
(30CA) 0054  0000000001010100 (  88)                 .FILL x0054
(30CB) 0020  0000000000100000 (  88)                 .FILL x0020
(30CC) 0054  0000000001010100 (  88)                 .FILL x0054
(30CD) 004F  0000000001001111 (  88)                 .FILL x004F
(30CE) 0020  0000000000100000 (  88)                 .FILL x0020
(30CF) 0045  0000000001000101 (  88)                 .FILL x0045
(30D0) 004E  0000000001001110 (  88)                 .FILL x004E
(30D1) 0043  0000000001000011 (  88)                 .FILL x0043
(30D2) 004F  0000000001001111 (  88)                 .FILL x004F
(30D3) 0044  0000000001000100 (  88)                 .FILL x0044
(30D4) 0045  0000000001000101 (  88)                 .FILL x0045
(30D5) 003A  0000000000111010 (  88)                 .FILL x003A
(30D6) 0020  0000000000100000 (  88)                 .FILL x0020
(30D7) 0000  0000000000000000 (  88)                 .FILL x0000
(30D8) E1A5  1110000110100101 (  91) ENTEREDD        LEA   R0 MESSAGED
(30D9) F022  1111000000100010 (  92)                 TRAP  x22
(30DA) 4910  0100100100010000 (  94)                 JSR   GETMESSAGE
(30DB) 4F29  0100111100101001 (  95)                 JSR   PUSH
(30DC) 4853  0100100001010011 (  96) RETURND         JSR   CONVERT
(30DD) 483C  0100100000111100 (  97) RETURNDD        JSR   DECODE
(30DE) 4F2E  0100111100101110 (  98) DRETURNL        JSR   POP
(30DF) 4A0C  0100101000001100 ( 100)                 JSR   LAST
(30E0) E1CA  1110000111001010 ( 103) ENTEREDE        LEA   R0 MESSAGEE
(30E1) F022  1111000000100010 ( 104)                 TRAP  x22
(30E2) 4908  0100100100001000 ( 106)                 JSR   GETMESSAGE
(30E3) 4F21  0100111100100001 ( 107)                 JSR   PUSH
(30E4) 4875  0100100001110101 ( 108) RETURNE         JSR   ENCODE
(30E5) 4F27  0100111100100111 ( 109) RETURNEE        JSR   POP
(30E6) 4A05  0100101000000101 ( 111)                 JSR   LAST
(30E7) FFD0  1111111111010000 ( 116) NUMBOFFSET      .FILL xFFD0
(30E8) FFBF  1111111110111111 ( 117) LETTEROFFSET    .FILL xFFBF
(30E9) 000A  0000000000001010 ( 118) NEWLINE         .FILL x000A
(30EA) 0054  0000000001010100 ( 118)                 .FILL x0054
(30EB) 0048  0000000001001000 ( 118)                 .FILL x0048
(30EC) 0045  0000000001000101 ( 118)                 .FILL x0045
(30ED) 0020  0000000000100000 ( 118)                 .FILL x0020
(30EE) 0045  0000000001000101 ( 118)                 .FILL x0045
(30EF) 004E  0000000001001110 ( 118)                 .FILL x004E
(30F0) 0043  0000000001000011 ( 118)                 .FILL x0043
(30F1) 004F  0000000001001111 ( 118)                 .FILL x004F
(30F2) 0044  0000000001000100 ( 118)                 .FILL x0044
(30F3) 0045  0000000001000101 ( 118)                 .FILL x0045
(30F4) 0044  0000000001000100 ( 118)                 .FILL x0044
(30F5) 0020  0000000000100000 ( 118)                 .FILL x0020
(30F6) 004D  0000000001001101 ( 118)                 .FILL x004D
(30F7) 0045  0000000001000101 ( 118)                 .FILL x0045
(30F8) 0053  0000000001010011 ( 118)                 .FILL x0053
(30F9) 0053  0000000001010011 ( 118)                 .FILL x0053
(30FA) 0041  0000000001000001 ( 118)                 .FILL x0041
(30FB) 0047  0000000001000111 ( 118)                 .FILL x0047
(30FC) 0045  0000000001000101 ( 118)                 .FILL x0045
(30FD) 003A  0000000000111010 ( 118)                 .FILL x003A
(30FE) 0020  0000000000100000 ( 118)                 .FILL x0020
(30FF) 0000  0000000000000000 ( 118)                 .FILL x0000
(3100) 000A  0000000000001010 ( 119) NEWLINED        .FILL x000A
(3101) 0054  0000000001010100 ( 119)                 .FILL x0054
(3102) 0048  0000000001001000 ( 119)                 .FILL x0048
(3103) 0045  0000000001000101 ( 119)                 .FILL x0045
(3104) 0020  0000000000100000 ( 119)                 .FILL x0020
(3105) 0044  0000000001000100 ( 119)                 .FILL x0044
(3106) 0045  0000000001000101 ( 119)                 .FILL x0045
(3107) 0043  0000000001000011 ( 119)                 .FILL x0043
(3108) 004F  0000000001001111 ( 119)                 .FILL x004F
(3109) 0044  0000000001000100 ( 119)                 .FILL x0044
(310A) 0045  0000000001000101 ( 119)                 .FILL x0045
(310B) 0044  0000000001000100 ( 119)                 .FILL x0044
(310C) 0020  0000000000100000 ( 119)                 .FILL x0020
(310D) 004D  0000000001001101 ( 119)                 .FILL x004D
(310E) 0045  0000000001000101 ( 119)                 .FILL x0045
(310F) 0053  0000000001010011 ( 119)                 .FILL x0053
(3110) 0053  0000000001010011 ( 119)                 .FILL x0053
(3111) 0041  0000000001000001 ( 119)                 .FILL x0041
(3112) 0047  0000000001000111 ( 119)                 .FILL x0047
(3113) 0045  0000000001000101 ( 119)                 .FILL x0045
(3114) 003A  0000000000111010 ( 119)                 .FILL x003A
(3115) 0020  0000000000100000 ( 119)                 .FILL x0020
(3116) 0000  0000000000000000 ( 119)                 .FILL x0000
(3117) 3321  0011001100100001 ( 120) TRANSLATESTORE  .FILL x3321
(3118) FFD0  1111111111010000 ( 121) NUMBOFFSETDECODE .FILL xFFD0
(3119) FFC9  1111111111001001 ( 122) LETTEROFFSETDECODE .FILL xFFC9
(311A) 4EFA  0100111011111010 ( 125) DECODE          JSR   CLEAR
(311B) 23FB  0010001111111011 ( 127)                 LD    R1 TRANSLATESTORE
(311C) 6040  0110000001000000 ( 129) DGETCH          LDR   R0 R1 #0
(311D) 1261  0001001001100001 ( 131)                 ADD   R1 R1 #1
(311E) 24C7  0010010011000111 ( 133)                 LD    R2 ENTERNUMBER
(311F) 1402  0001010000000010 ( 134)                 ADD   R2 R0 R2
(3120) 05BD  0000010110111101 ( 135)                 BRZ   DRETURNL
(3121) 24C8  0010010011001000 ( 138)                 LD    R2 DECODEVARADD
(3122) 6680  0110011010000000 ( 140) CHD             LDR   R3 R2 #0
(3123) 14A1  0001010010100001 ( 142)                 ADD   R2 R2 #1
(3124) 16C0  0001011011000000 ( 144)                 ADD   R3 R3 R0
(3125) 0402  0000010000000010 ( 145)                 BRZ   PRINT
(3126) 1921  0001100100100001 ( 147)                 ADD   R4 R4 #1
(3127) 0FFA  0000111111111010 ( 148)                 BRNZP CHD
(3128) 2AC0  0010101011000000 ( 150) PRINT           LD    R5 PRINTVARADD
(3129) 1B61  0001101101100001 ( 151) PRINTA          ADD   R5 R5 #1
(312A) 193F  0001100100111111 ( 152)                 ADD   R4 R4 #-1
(312B) 0401  0000010000000001 ( 153)                 BRZ   PRNTCH
(312C) 0FFC  0000111111111100 ( 154)                 BRNZP PRINTA
(312D) 6140  0110000101000000 ( 156) PRNTCH          LDR   R0 R5 #0
(312E) F021  1111000000100001 ( 157)                 TRAP  x21
(312F) 0FEC  0000111111101100 ( 158)                 BRNZP DGETCH
(3130) E1CF  1110000111001111 ( 161) CONVERT         LEA   R0 NEWLINED
(3131) F022  1111000000100010 ( 162)                 TRAP  x22
(3132) 4EE2  0100111011100010 ( 163)                 JSR   CLEAR
(3133) 24B1  0010010010110001 ( 165)                 LD    R2 MESSAGESTORE
(3134) 2BE2  0010101111100010 ( 167)                 LD    R5 TRANSLATESTORE
(3135) 6080  0110000010000000 ( 169) GETCHD          LDR   R0 R2 #0
(3136) 22AF  0010001010101111 ( 171)                 LD    R1 ENTERNUMBER
(3137) 1240  0001001001000000 ( 172)                 ADD   R1 R1 R0
(3138) 041F  0000010000011111 ( 173)                 BRZ   RETURNDDD
(3139) 6281  0110001010000001 ( 175)                 LDR   R1 R2 #1
(313A) 14A2  0001010010100010 ( 177)                 ADD   R2 R2 #2
(313B) 0E0A  0000111000001010 ( 179)                 BRNZP OFFSETO
(313C) 1000  0001000000000000 ( 181) DMULT           ADD   R0 R0 R0
(313D) 1000  0001000000000000 ( 182)                 ADD   R0 R0 R0
(313E) 1000  0001000000000000 ( 183)                 ADD   R0 R0 R0
(313F) 1620  0001011000100000 ( 184)                 ADD   R3 R0 #0
(3140) 10C0  0001000011000000 ( 185)                 ADD   R0 R3 R0
(3141) 0E0D  0000111000001101 ( 187)                 BRNZP OFFSETT
(3142) 1001  0001000000000001 ( 189) DMULTT          ADD   R0 R0 R1
(3143) 7140  0111000101000000 ( 191)                 STR   R0 R5 #0
(3144) 1B61  0001101101100001 ( 193)                 ADD   R5 R5 #1
(3145) 4FEF  0100111111101111 ( 194)                 JSR   GETCHD
(3146) 2899  0010100010011001 ( 197) OFFSETO         LD    R4 A
(3147) 1804  0001100000000100 ( 198)                 ADD   R4 R0 R4
(3148) 0603  0000011000000011 ( 200)                 BRZP  LTROFST
(3149) 27CE  0010011111001110 ( 201)                 LD    R3 NUMBOFFSETDECODE
(314A) 1003  0001000000000011 ( 202)                 ADD   R0 R0 R3
(314B) 0FF0  0000111111110000 ( 203)                 BRNZP DMULT
(314C) 27CC  0010011111001100 ( 204) LTROFST         LD    R3 LETTEROFFSETDECODE
(314D) 1003  0001000000000011 ( 205)                 ADD   R0 R0 R3
(314E) 0FED  0000111111101101 ( 206)                 BRNZP DMULT
(314F) 2890  0010100010010000 ( 209) OFFSETT         LD    R4 A
(3150) 1844  0001100001000100 ( 210)                 ADD   R4 R1 R4
(3151) 0603  0000011000000011 ( 212)                 BRZP  LTRFST
(3152) 27C5  0010011111000101 ( 213)                 LD    R3 NUMBOFFSETDECODE
(3153) 1243  0001001001000011 ( 214)                 ADD   R1 R1 R3
(3154) 0FED  0000111111101101 ( 215)                 BRNZP DMULTT
(3155) 27C3  0010011111000011 ( 216) LTRFST          LD    R3 LETTEROFFSETDECODE
(3156) 1243  0001001001000011 ( 217)                 ADD   R1 R1 R3
(3157) 0FEA  0000111111101010 ( 218)                 BRNZP DMULTT
(3158) 7140  0111000101000000 ( 221) RETURNDDD       STR   R0 R5 #0
(3159) 4F83  0100111110000011 ( 222)                 JSR   RETURNDD
(315A) E18E  1110000110001110 ( 224) ENCODE          LEA   R0 NEWLINE
(315B) F022  1111000000100010 ( 225)                 TRAP  x22
(315C) 4EB8  0100111010111000 ( 226)                 JSR   CLEAR
(315D) 2887  0010100010000111 ( 228)                 LD    R4 MESSAGESTORE
(315E) 6100  0110000100000000 ( 230) LOADCHE         LDR   R0 R4 #0
(315F) 1921  0001100100100001 ( 232)                 ADD   R4 R4 #1
(3160) 2485  0010010010000101 ( 234)                 LD    R2 ENTERNUMBER
(3161) 1480  0001010010000000 ( 235)                 ADD   R2 R2 R0
(3162) 0582  0000010110000010 ( 236)                 BRZ   RETURNEE
(3163) 247C  0010010001111100 ( 238)                 LD    R2 A
(3164) 1402  0001010000000010 ( 239)                 ADD   R2 R0 R2
(3165) 060E  0000011000001110 ( 241)                 BRZP  LETTERE
(3166) 2380  0010001110000000 ( 243)                 LD    R1 NUMBOFFSET
(3167) E4D0  1110010011010000 ( 245)                 LEA   R2 NUMBERS
(3168) 1601  0001011000000001 ( 247)                 ADD   R3 R0 R1
(3169) 5020  0101000000100000 ( 249)                 AND   R0 R0 #0
(316A) 10A0  0001000010100000 ( 251)                 ADD   R0 R2 #0
(316B) 4816  0100100000010110 ( 253)                 JSR   MULT
(316C) 1003  0001000000000011 ( 255)                 ADD   R0 R0 R3
(316D) F022  1111000000100010 ( 257)                 TRAP  x22
(316E) 25A8  0010010110101000 ( 259)                 LD    R2 TRANSLATESTORE
(316F) 7080  0111000010000000 ( 260)                 STR   R0 R2 #0
(3170) E7A6  1110011110100110 ( 261)                 LEA   R3 TRANSLATESTORE
(3171) 14A1  0001010010100001 ( 262)                 ADD   R2 R2 #1
(3172) 74C0  0111010011000000 ( 263)                 STR   R2 R3 #0
(3173) 4FEA  0100111111101010 ( 264)                 JSR   LOADCHE
(3174) 2373  0010001101110011 ( 266) LETTERE         LD    R1 LETTEROFFSET
(3175) E4E0  1110010011100000 ( 268)                 LEA   R2 LETTERS
(3176) 1601  0001011000000001 ( 270)                 ADD   R3 R0 R1
(3177) 5020  0101000000100000 ( 272)                 AND   R0 R0 #0
(3178) 10A0  0001000010100000 ( 274)                 ADD   R0 R2 #0
(3179) 4808  0100100000001000 ( 276)                 JSR   MULT
(317A) 1003  0001000000000011 ( 278)                 ADD   R0 R0 R3
(317B) F022  1111000000100010 ( 280)                 TRAP  x22
(317C) 259A  0010010110011010 ( 281)                 LD    R2 TRANSLATESTORE
(317D) 7080  0111000010000000 ( 282)                 STR   R0 R2 #0
(317E) E798  1110011110011000 ( 283)                 LEA   R3 TRANSLATESTORE
(317F) 14A1  0001010010100001 ( 284)                 ADD   R2 R2 #1
(3180) 74C0  0111010011000000 ( 285)                 STR   R2 R3 #0
(3181) 4FDC  0100111111011100 ( 286)                 JSR   LOADCHE
(3182) 1AE0  0001101011100000 ( 288) MULT            ADD   R5 R3 #0
(3183) 0402  0000010000000010 ( 289)                 BRZ   RETA
(3184) 16C3  0001011011000011 ( 290)                 ADD   R3 R3 R3
(3185) 16C5  0001011011000101 ( 291)                 ADD   R3 R3 R5
(3186) C1C0  1100000111000000 ( 292) RETA            RET   
(3187) 3300  0011001100000000 ( 299) CHOICESTORE     .FILL x3300
(3188) 000A  0000000000001010 ( 300) MESSAGEERROR    .FILL x000A
(3189) 0045  0000000001000101 ( 300)                 .FILL x0045
(318A) 0052  0000000001010010 ( 300)                 .FILL x0052
(318B) 0052  0000000001010010 ( 300)                 .FILL x0052
(318C) 004F  0000000001001111 ( 300)                 .FILL x004F
(318D) 0052  0000000001010010 ( 300)                 .FILL x0052
(318E) 0020  0000000000100000 ( 300)                 .FILL x0020
(318F) 0054  0000000001010100 ( 300)                 .FILL x0054
(3190) 004F  0000000001001111 ( 300)                 .FILL x004F
(3191) 0020  0000000000100000 ( 300)                 .FILL x0020
(3192) 004D  0000000001001101 ( 300)                 .FILL x004D
(3193) 0041  0000000001000001 ( 300)                 .FILL x0041
(3194) 004E  0000000001001110 ( 300)                 .FILL x004E
(3195) 0059  0000000001011001 ( 300)                 .FILL x0059
(3196) 0020  0000000000100000 ( 300)                 .FILL x0020
(3197) 0043  0000000001000011 ( 300)                 .FILL x0043
(3198) 0048  0000000001001000 ( 300)                 .FILL x0048
(3199) 0041  0000000001000001 ( 300)                 .FILL x0041
(319A) 0052  0000000001010010 ( 300)                 .FILL x0052
(319B) 0041  0000000001000001 ( 300)                 .FILL x0041
(319C) 0043  0000000001000011 ( 300)                 .FILL x0043
(319D) 0054  0000000001010100 ( 300)                 .FILL x0054
(319E) 0045  0000000001000101 ( 300)                 .FILL x0045
(319F) 0052  0000000001010010 ( 300)                 .FILL x0052
(31A0) 0053  0000000001010011 ( 300)                 .FILL x0053
(31A1) 0021  0000000000100001 ( 300)                 .FILL x0021
(31A2) 0020  0000000000100000 ( 300)                 .FILL x0020
(31A3) 0054  0000000001010100 ( 300)                 .FILL x0054
(31A4) 0052  0000000001010010 ( 300)                 .FILL x0052
(31A5) 0059  0000000001011001 ( 300)                 .FILL x0059
(31A6) 0020  0000000000100000 ( 300)                 .FILL x0020
(31A7) 0041  0000000001000001 ( 300)                 .FILL x0041
(31A8) 0047  0000000001000111 ( 300)                 .FILL x0047
(31A9) 0041  0000000001000001 ( 300)                 .FILL x0041
(31AA) 0049  0000000001001001 ( 300)                 .FILL x0049
(31AB) 004E  0000000001001110 ( 300)                 .FILL x004E
(31AC) 0021  0000000000100001 ( 300)                 .FILL x0021
(31AD) 0000  0000000000000000 ( 300)                 .FILL x0000
(31AE) 000A  0000000000001010 ( 301) INVALIDCHARACTERB .FILL x000A
(31AF) 0054  0000000001010100 ( 301)                 .FILL x0054
(31B0) 0048  0000000001001000 ( 301)                 .FILL x0048
(31B1) 0041  0000000001000001 ( 301)                 .FILL x0041
(31B2) 0054  0000000001010100 ( 301)                 .FILL x0054
(31B3) 0020  0000000000100000 ( 301)                 .FILL x0020
(31B4) 0049  0000000001001001 ( 301)                 .FILL x0049
(31B5) 0053  0000000001010011 ( 301)                 .FILL x0053
(31B6) 0020  0000000000100000 ( 301)                 .FILL x0020
(31B7) 0041  0000000001000001 ( 301)                 .FILL x0041
(31B8) 004E  0000000001001110 ( 301)                 .FILL x004E
(31B9) 0020  0000000000100000 ( 301)                 .FILL x0020
(31BA) 0049  0000000001001001 ( 301)                 .FILL x0049
(31BB) 004C  0000000001001100 ( 301)                 .FILL x004C
(31BC) 004C  0000000001001100 ( 301)                 .FILL x004C
(31BD) 0045  0000000001000101 ( 301)                 .FILL x0045
(31BE) 0047  0000000001000111 ( 301)                 .FILL x0047
(31BF) 0041  0000000001000001 ( 301)                 .FILL x0041
(31C0) 004C  0000000001001100 ( 301)                 .FILL x004C
(31C1) 0020  0000000000100000 ( 301)                 .FILL x0020
(31C2) 0043  0000000001000011 ( 301)                 .FILL x0043
(31C3) 0048  0000000001001000 ( 301)                 .FILL x0048
(31C4) 0041  0000000001000001 ( 301)                 .FILL x0041
(31C5) 0052  0000000001010010 ( 301)                 .FILL x0052
(31C6) 0041  0000000001000001 ( 301)                 .FILL x0041
(31C7) 0043  0000000001000011 ( 301)                 .FILL x0043
(31C8) 0054  0000000001010100 ( 301)                 .FILL x0054
(31C9) 0045  0000000001000101 ( 301)                 .FILL x0045
(31CA) 0052  0000000001010010 ( 301)                 .FILL x0052
(31CB) 002E  0000000000101110 ( 301)                 .FILL x002E
(31CC) 0020  0000000000100000 ( 301)                 .FILL x0020
(31CD) 0050  0000000001010000 ( 301)                 .FILL x0050
(31CE) 004C  0000000001001100 ( 301)                 .FILL x004C
(31CF) 0045  0000000001000101 ( 301)                 .FILL x0045
(31D0) 0041  0000000001000001 ( 301)                 .FILL x0041
(31D1) 0053  0000000001010011 ( 301)                 .FILL x0053
(31D2) 0045  0000000001000101 ( 301)                 .FILL x0045
(31D3) 0020  0000000000100000 ( 301)                 .FILL x0020
(31D4) 0054  0000000001010100 ( 301)                 .FILL x0054
(31D5) 0052  0000000001010010 ( 301)                 .FILL x0052
(31D6) 0059  0000000001011001 ( 301)                 .FILL x0059
(31D7) 0020  0000000000100000 ( 301)                 .FILL x0020
(31D8) 0041  0000000001000001 ( 301)                 .FILL x0041
(31D9) 0047  0000000001000111 ( 301)                 .FILL x0047
(31DA) 0041  0000000001000001 ( 301)                 .FILL x0041
(31DB) 0049  0000000001001001 ( 301)                 .FILL x0049
(31DC) 004E  0000000001001110 ( 301)                 .FILL x004E
(31DD) 002E  0000000000101110 ( 301)                 .FILL x002E
(31DE) 000A  0000000000001010 ( 301)                 .FILL x000A
(31DF) 0000  0000000000000000 ( 301)                 .FILL x0000
(31E0) FFBF  1111111110111111 ( 302) A               .FILL xFFBF
(31E1) FFBA  1111111110111010 ( 303) F               .FILL xFFBA
(31E2) FFA6  1111111110100110 ( 304) Z               .FILL xFFA6
(31E3) FFD0  1111111111010000 ( 305) ZO              .FILL xFFD0
(31E4) FFC7  1111111111000111 ( 306) N               .FILL xFFC7
(31E5) 3301  0011001100000001 ( 307) MESSAGESTORE    .FILL x3301
(31E6) FFF6  1111111111110110 ( 308) ENTERNUMBER     .FILL xFFF6
(31E7) 001F  0000000000011111 ( 309) ITERATIONS      .FILL x001F
(31E8) FFBC  1111111110111100 ( 310) DA              .FILL xFFBC
(31E9) 0000  0000000000000000 ( 311) PRINTVARADD     .FILL x0000
(31EA) 0000  0000000000000000 ( 312) DECODEVARADD    .FILL x0000
(31EB) 23FA  0010001111111010 ( 316) GETMESSAGE      LD    R1 ENTERNUMBER
(31EC) 54A0  0101010010100000 ( 317)                 AND   R2 R2 #0
(31ED) 56E0  0101011011100000 ( 318)                 AND   R3 R3 #0
(31EE) 25F8  0010010111111000 ( 319)                 LD    R2 ITERATIONS
(31EF) 27F5  0010011111110101 ( 320)                 LD    R3 MESSAGESTORE
(31F0) E8D7  1110100011010111 ( 321)                 LEA   R4 PRINTVAR
(31F1) EBF7  1110101111110111 ( 322)                 LEA   R5 PRINTVARADD
(31F2) 7940  0111100101000000 ( 323)                 STR   R4 R5 #0
(31F3) E8B0  1110100010110000 ( 324)                 LEA   R4 DECODEVAR
(31F4) EBF5  1110101111110101 ( 325)                 LEA   R5 DECODEVARADD
(31F5) 7940  0111100101000000 ( 326)                 STR   R4 R5 #0
(31F6) F020  1111000000100000 ( 328) GETCHARACTER    TRAP  x20
(31F7) 4813  0100100000010011 ( 330)                 JSR   VALID
(31F8) 4E14  0100111000010100 ( 332) RETURNGC        JSR   POP
(31F9) 70C0  0111000011000000 ( 333)                 STR   R0 R3 #0
(31FA) 16E1  0001011011100001 ( 335)                 ADD   R3 R3 #1
(31FB) 1840  0001100001000000 ( 337)                 ADD   R4 R1 R0
(31FC) 0406  0000010000000110 ( 339)                 BRZ   CHOICE
(31FD) F021  1111000000100001 ( 341)                 TRAP  x21
(31FE) 14BF  0001010010111111 ( 343)                 ADD   R2 R2 #-1
(31FF) 03F6  0000001111110110 ( 345)                 BRP   GETCHARACTER
(3200) E187  1110000110000111 ( 347)                 LEA   R0 MESSAGEERROR
(3201) F022  1111000000100010 ( 348)                 TRAP  x22
(3202) 0FE8  0000111111101000 ( 349)                 BRNZP GETMESSAGE
(3203) 2183  0010000110000011 ( 352) CHOICE          LD    R0 CHOICESTORE
(3204) 6600  0110011000000000 ( 353)                 LDR   R3 R0 #0
(3205) 23E2  0010001111100010 ( 354)                 LD    R1 DA
(3206) 1243  0001001001000011 ( 355)                 ADD   R1 R1 R3
(3207) 0401  0000010000000001 ( 357)                 BRZ   RETURNDA
(3208) 0E01  0000111000000001 ( 359)                 BRNZP RETURNEA
(3209) 4ED2  0100111011010010 ( 360) RETURNDA        JSR   RETURND
(320A) 4ED9  0100111011011001 ( 361) RETURNEA        JSR   RETURNE
(320B) 4DF9  0100110111111001 ( 364) VALID           JSR   PUSH
(320C) 23D9  0010001111011001 ( 366)                 LD    R1 ENTERNUMBER
(320D) 1601  0001011000000001 ( 367)                 ADD   R3 R0 R1
(320E) 05E9  0000010111101001 ( 368)                 BRZ   RETURNGC
(320F) 2377  0010001101110111 ( 370)                 LD    R1 CHOICESTORE
(3210) 6640  0110011001000000 ( 371)                 LDR   R3 R1 #0
(3211) 25D6  0010010111010110 ( 372)                 LD    R2 DA
(3212) 12C2  0001001011000010 ( 373)                 ADD   R1 R3 R2
(3213) 0410  0000010000010000 ( 375)                 BRZ   CHOICED
(3214) 25CE  0010010111001110 ( 378)                 LD    R2 ZO
(3215) 1602  0001011000000010 ( 379)                 ADD   R3 R0 R2
(3216) 081D  0000100000011101 ( 380)                 BRN   INVALID
(3217) 25CC  0010010111001100 ( 382)                 LD    R2 N
(3218) 1602  0001011000000010 ( 383)                 ADD   R3 R0 R2
(3219) 0202  0000001000000010 ( 384)                 BRP   CHECKE
(321A) 4DF2  0100110111110010 ( 385)                 JSR   POP
(321B) 4FDC  0100111111011100 ( 386)                 JSR   RETURNGC
(321C) 25C3  0010010111000011 ( 388) CHECKE          LD    R2 A
(321D) 1602  0001011000000010 ( 389)                 ADD   R3 R0 R2
(321E) 0815  0000100000010101 ( 390)                 BRN   INVALID
(321F) 25C2  0010010111000010 ( 392)                 LD    R2 Z
(3220) 1602  0001011000000010 ( 393)                 ADD   R3 R0 R2
(3221) 0212  0000001000010010 ( 394)                 BRP   INVALID
(3222) 4DEA  0100110111101010 ( 395)                 JSR   POP
(3223) 4FD4  0100111111010100 ( 396)                 JSR   RETURNGC
(3224) 25BE  0010010110111110 ( 398) CHOICED         LD    R2 ZO
(3225) 1602  0001011000000010 ( 399)                 ADD   R3 R0 R2
(3226) 080D  0000100000001101 ( 400)                 BRN   INVALID
(3227) 25BC  0010010110111100 ( 402)                 LD    R2 N
(3228) 1602  0001011000000010 ( 403)                 ADD   R3 R0 R2
(3229) 0202  0000001000000010 ( 404)                 BRP   CHECKD
(322A) 4DE2  0100110111100010 ( 405)                 JSR   POP
(322B) 4FCC  0100111111001100 ( 406)                 JSR   RETURNGC
(322C) 25B3  0010010110110011 ( 408) CHECKD          LD    R2 A
(322D) 1602  0001011000000010 ( 409)                 ADD   R3 R0 R2
(322E) 0805  0000100000000101 ( 410)                 BRN   INVALID
(322F) 25B1  0010010110110001 ( 412)                 LD    R2 F
(3230) 1602  0001011000000010 ( 413)                 ADD   R3 R0 R2
(3231) 0202  0000001000000010 ( 414)                 BRP   INVALID
(3232) 4DDA  0100110111011010 ( 415)                 JSR   POP
(3233) 4FC4  0100111111000100 ( 416)                 JSR   RETURNGC
(3234) E179  1110000101111001 ( 417) INVALID         LEA   R0 INVALIDCHARACTERB
(3235) F022  1111000000100010 ( 418)                 TRAP  x22
(3236) 4DD6  0100110111010110 ( 419)                 JSR   POP
(3237) 4FBE  0100111110111110 ( 420)                 JSR   GETCHARACTER
(3238) 0030  0000000000110000 ( 423) NUMBERS         .FILL x0030
(3239) 0034  0000000000110100 ( 423)                 .FILL x0034
(323A) 0000  0000000000000000 ( 423)                 .FILL x0000
(323B) 0038  0000000000111000 ( 424)                 .FILL x0038
(323C) 0034  0000000000110100 ( 424)                 .FILL x0034
(323D) 0000  0000000000000000 ( 424)                 .FILL x0000
(323E) 0043  0000000001000011 ( 425)                 .FILL x0043
(323F) 0034  0000000000110100 ( 425)                 .FILL x0034
(3240) 0000  0000000000000000 ( 425)                 .FILL x0000
(3241) 0045  0000000001000101 ( 426)                 .FILL x0045
(3242) 0034  0000000000110100 ( 426)                 .FILL x0034
(3243) 0000  0000000000000000 ( 426)                 .FILL x0000
(3244) 0046  0000000001000110 ( 427)                 .FILL x0046
(3245) 0034  0000000000110100 ( 427)                 .FILL x0034
(3246) 0000  0000000000000000 ( 427)                 .FILL x0000
(3247) 0046  0000000001000110 ( 428)                 .FILL x0046
(3248) 0043  0000000001000011 ( 428)                 .FILL x0043
(3249) 0000  0000000000000000 ( 428)                 .FILL x0000
(324A) 0037  0000000000110111 ( 429)                 .FILL x0037
(324B) 0043  0000000001000011 ( 429)                 .FILL x0043
(324C) 0000  0000000000000000 ( 429)                 .FILL x0000
(324D) 0033  0000000000110011 ( 430)                 .FILL x0033
(324E) 0043  0000000001000011 ( 430)                 .FILL x0043
(324F) 0000  0000000000000000 ( 430)                 .FILL x0000
(3250) 0031  0000000000110001 ( 431)                 .FILL x0031
(3251) 0043  0000000001000011 ( 431)                 .FILL x0043
(3252) 0000  0000000000000000 ( 431)                 .FILL x0000
(3253) 0030  0000000000110000 ( 432)                 .FILL x0030
(3254) 0043  0000000001000011 ( 432)                 .FILL x0043
(3255) 0000  0000000000000000 ( 432)                 .FILL x0000
(3256) 0041  0000000001000001 ( 433) LETTERS         .FILL x0041
(3257) 0030  0000000000110000 ( 433)                 .FILL x0030
(3258) 0000  0000000000000000 ( 433)                 .FILL x0000
(3259) 0037  0000000000110111 ( 434)                 .FILL x0037
(325A) 0038  0000000000111000 ( 434)                 .FILL x0038
(325B) 0000  0000000000000000 ( 434)                 .FILL x0000
(325C) 0035  0000000000110101 ( 435)                 .FILL x0035
(325D) 0038  0000000000111000 ( 435)                 .FILL x0038
(325E) 0000  0000000000000000 ( 435)                 .FILL x0000
(325F) 0037  0000000000110111 ( 436)                 .FILL x0037
(3260) 0030  0000000000110000 ( 436)                 .FILL x0030
(3261) 0000  0000000000000000 ( 436)                 .FILL x0000
(3262) 0043  0000000001000011 ( 437)                 .FILL x0043
(3263) 0030  0000000000110000 ( 437)                 .FILL x0030
(3264) 0000  0000000000000000 ( 437)                 .FILL x0000
(3265) 0044  0000000001000100 ( 438)                 .FILL x0044
(3266) 0038  0000000000111000 ( 438)                 .FILL x0038
(3267) 0000  0000000000000000 ( 438)                 .FILL x0000
(3268) 0033  0000000000110011 ( 439)                 .FILL x0033
(3269) 0030  0000000000110000 ( 439)                 .FILL x0030
(326A) 0000  0000000000000000 ( 439)                 .FILL x0000
(326B) 0046  0000000001000110 ( 440)                 .FILL x0046
(326C) 0038  0000000000111000 ( 440)                 .FILL x0038
(326D) 0000  0000000000000000 ( 440)                 .FILL x0000
(326E) 0045  0000000001000101 ( 441)                 .FILL x0045
(326F) 0030  0000000000110000 ( 441)                 .FILL x0030
(3270) 0000  0000000000000000 ( 441)                 .FILL x0000
(3271) 0038  0000000000111000 ( 442)                 .FILL x0038
(3272) 0038  0000000000111000 ( 442)                 .FILL x0038
(3273) 0000  0000000000000000 ( 442)                 .FILL x0000
(3274) 0035  0000000000110101 ( 443)                 .FILL x0035
(3275) 0030  0000000000110000 ( 443)                 .FILL x0030
(3276) 0000  0000000000000000 ( 443)                 .FILL x0000
(3277) 0042  0000000001000010 ( 444)                 .FILL x0042
(3278) 0038  0000000000111000 ( 444)                 .FILL x0038
(3279) 0000  0000000000000000 ( 444)                 .FILL x0000
(327A) 0032  0000000000110010 ( 445)                 .FILL x0032
(327B) 0030  0000000000110000 ( 445)                 .FILL x0030
(327C) 0000  0000000000000000 ( 445)                 .FILL x0000
(327D) 0036  0000000000110110 ( 446)                 .FILL x0036
(327E) 0030  0000000000110000 ( 446)                 .FILL x0030
(327F) 0000  0000000000000000 ( 446)                 .FILL x0000
(3280) 0031  0000000000110001 ( 447)                 .FILL x0031
(3281) 0030  0000000000110000 ( 447)                 .FILL x0030
(3282) 0000  0000000000000000 ( 447)                 .FILL x0000
(3283) 0039  0000000000111001 ( 448)                 .FILL x0039
(3284) 0038  0000000000111000 ( 448)                 .FILL x0038
(3285) 0000  0000000000000000 ( 448)                 .FILL x0000
(3286) 0032  0000000000110010 ( 449)                 .FILL x0032
(3287) 0038  0000000000111000 ( 449)                 .FILL x0038
(3288) 0000  0000000000000000 ( 449)                 .FILL x0000
(3289) 0042  0000000001000010 ( 450)                 .FILL x0042
(328A) 0030  0000000000110000 ( 450)                 .FILL x0030
(328B) 0000  0000000000000000 ( 450)                 .FILL x0000
(328C) 0046  0000000001000110 ( 451)                 .FILL x0046
(328D) 0030  0000000000110000 ( 451)                 .FILL x0030
(328E) 0000  0000000000000000 ( 451)                 .FILL x0000
(328F) 0034  0000000000110100 ( 452)                 .FILL x0034
(3290) 0030  0000000000110000 ( 452)                 .FILL x0030
(3291) 0000  0000000000000000 ( 452)                 .FILL x0000
(3292) 0044  0000000001000100 ( 453)                 .FILL x0044
(3293) 0030  0000000000110000 ( 453)                 .FILL x0030
(3294) 0000  0000000000000000 ( 453)                 .FILL x0000
(3295) 0045  0000000001000101 ( 454)                 .FILL x0045
(3296) 0038  0000000000111000 ( 454)                 .FILL x0038
(3297) 0000  0000000000000000 ( 454)                 .FILL x0000
(3298) 0039  0000000000111001 ( 455)                 .FILL x0039
(3299) 0030  0000000000110000 ( 455)                 .FILL x0030
(329A) 0000  0000000000000000 ( 455)                 .FILL x0000
(329B) 0036  0000000000110110 ( 456)                 .FILL x0036
(329C) 0038  0000000000111000 ( 456)                 .FILL x0038
(329D) 0000  0000000000000000 ( 456)                 .FILL x0000
(329E) 0034  0000000000110100 ( 457)                 .FILL x0034
(329F) 0038  0000000000111000 ( 457)                 .FILL x0038
(32A0) 0000  0000000000000000 ( 457)                 .FILL x0000
(32A1) 0033  0000000000110011 ( 458)                 .FILL x0033
(32A2) 0038  0000000000111000 ( 458)                 .FILL x0038
(32A3) 0000  0000000000000000 ( 458)                 .FILL x0000
(32A4) FFFC  1111111111111100 ( 460) DECODEVAR       .FILL xFFFC
(32A5) FF7C  1111111101111100 ( 461)                 .FILL xFF7C
(32A6) FF3C  1111111100111100 ( 462)                 .FILL xFF3C
(32A7) FF1C  1111111100011100 ( 463)                 .FILL xFF1C
(32A8) FF0C  1111111100001100 ( 464)                 .FILL xFF0C
(32A9) FF04  1111111100000100 ( 465)                 .FILL xFF04
(32AA) FF84  1111111110000100 ( 466)                 .FILL xFF84
(32AB) FFC4  1111111111000100 ( 467)                 .FILL xFFC4
(32AC) FFE4  1111111111100100 ( 468)                 .FILL xFFE4
(32AD) FFF4  1111111111110100 ( 469)                 .FILL xFFF4
(32AE) FF60  1111111101100000 ( 470)                 .FILL xFF60
(32AF) FF88  1111111110001000 ( 471)                 .FILL xFF88
(32B0) FFA8  1111111110101000 ( 472)                 .FILL xFFA8
(32B1) FF90  1111111110010000 ( 473)                 .FILL xFF90
(32B2) FF40  1111111101000000 ( 474)                 .FILL xFF40
(32B3) FF28  1111111100101000 ( 475)                 .FILL xFF28
(32B4) FFD0  1111111111010000 ( 476)                 .FILL xFFD0
(32B5) FF08  1111111100001000 ( 477)                 .FILL xFF08
(32B6) FF20  1111111100100000 ( 478)                 .FILL xFF20
(32B7) FF78  1111111101111000 ( 479)                 .FILL xFF78
(32B8) FFB0  1111111110110000 ( 480)                 .FILL xFFB0
(32B9) FF48  1111111101001000 ( 481)                 .FILL xFF48
(32BA) FFE0  1111111111100000 ( 482)                 .FILL xFFE0
(32BB) FFA0  1111111110100000 ( 483)                 .FILL xFFA0
(32BC) FFF0  1111111111110000 ( 484)                 .FILL xFFF0
(32BD) FF68  1111111101101000 ( 485)                 .FILL xFF68
(32BE) FFD8  1111111111011000 ( 486)                 .FILL xFFD8
(32BF) FF50  1111111101010000 ( 487)                 .FILL xFF50
(32C0) FF10  1111111100010000 ( 488)                 .FILL xFF10
(32C1) FFC0  1111111111000000 ( 489)                 .FILL xFFC0
(32C2) FF30  1111111100110000 ( 490)                 .FILL xFF30
(32C3) FF18  1111111100011000 ( 491)                 .FILL xFF18
(32C4) FF70  1111111101110000 ( 492)                 .FILL xFF70
(32C5) FF98  1111111110011000 ( 493)                 .FILL xFF98
(32C6) FFB8  1111111110111000 ( 494)                 .FILL xFFB8
(32C7) FFC8  1111111111001000 ( 495)                 .FILL xFFC8
(32C8) 0030  0000000000110000 ( 497) PRINTVAR        .FILL x0030
(32C9) 0031  0000000000110001 ( 498)                 .FILL x0031
(32CA) 0032  0000000000110010 ( 499)                 .FILL x0032
(32CB) 0033  0000000000110011 ( 500)                 .FILL x0033
(32CC) 0034  0000000000110100 ( 501)                 .FILL x0034
(32CD) 0035  0000000000110101 ( 502)                 .FILL x0035
(32CE) 0036  0000000000110110 ( 503)                 .FILL x0036
(32CF) 0037  0000000000110111 ( 504)                 .FILL x0037
(32D0) 0038  0000000000111000 ( 505)                 .FILL x0038
(32D1) 0039  0000000000111001 ( 506)                 .FILL x0039
(32D2) 0041  0000000001000001 ( 507)                 .FILL x0041
(32D3) 0042  0000000001000010 ( 508)                 .FILL x0042
(32D4) 0043  0000000001000011 ( 509)                 .FILL x0043
(32D5) 0044  0000000001000100 ( 510)                 .FILL x0044
(32D6) 0045  0000000001000101 ( 511)                 .FILL x0045
(32D7) 0046  0000000001000110 ( 512)                 .FILL x0046
(32D8) 0047  0000000001000111 ( 513)                 .FILL x0047
(32D9) 0048  0000000001001000 ( 514)                 .FILL x0048
(32DA) 0049  0000000001001001 ( 515)                 .FILL x0049
(32DB) 004A  0000000001001010 ( 516)                 .FILL x004A
(32DC) 004B  0000000001001011 ( 517)                 .FILL x004B
(32DD) 004C  0000000001001100 ( 518)                 .FILL x004C
(32DE) 004D  0000000001001101 ( 519)                 .FILL x004D
(32DF) 004E  0000000001001110 ( 520)                 .FILL x004E
(32E0) 004F  0000000001001111 ( 521)                 .FILL x004F
(32E1) 0050  0000000001010000 ( 522)                 .FILL x0050
(32E2) 0051  0000000001010001 ( 523)                 .FILL x0051
(32E3) 0052  0000000001010010 ( 524)                 .FILL x0052
(32E4) 0053  0000000001010011 ( 525)                 .FILL x0053
(32E5) 0054  0000000001010100 ( 526)                 .FILL x0054
(32E6) 0055  0000000001010101 ( 527)                 .FILL x0055
(32E7) 0056  0000000001010110 ( 528)                 .FILL x0056
(32E8) 0057  0000000001010111 ( 529)                 .FILL x0057
(32E9) 0058  0000000001011000 ( 530)                 .FILL x0058
(32EA) 0059  0000000001011001 ( 531)                 .FILL x0059
(32EB) 005A  0000000001011010 ( 532)                 .FILL x005A
(32EC) F025  1111000000100101 ( 534) LAST            TRAP  x25
